Using pre-set license
Built from '2022.3/china_unity/release' branch; Version is '2022.3.34f1c1 (1e17368ca73f) revision 1972022'; Using compiler version '192829333'; Build Type 'Release'
OS: 'Windows 11  (10.0.26100) 64bit CoreCountrySpecific' Language: 'zh' Physical Memory: 16004 MB
BatchMode: 1, IsHumanControllingUs: 0, StartBugReporterOnCrash: 0, Is64bit: 1, IsPro: 1

COMMAND LINE ARGUMENTS:
C:\Program Files\Unity\Hub\Editor\2022.3.34f1c1\Editor\Unity.exe
-adb2
-batchMode
-noUpm
-name
AssetImportWorker0
-projectPath
D:/GameDev/ChanceRealm_Test
-logFile
Logs/AssetImportWorker0.log
-srvPort
50880
Successfully changed project path to: D:/GameDev/ChanceRealm_Test
D:/GameDev/ChanceRealm_Test
[UnityMemory] Configuration Parameters - Can be set up in boot.config
    "memorysetup-bucket-allocator-granularity=16"
    "memorysetup-bucket-allocator-bucket-count=8"
    "memorysetup-bucket-allocator-block-size=33554432"
    "memorysetup-bucket-allocator-block-count=8"
    "memorysetup-main-allocator-block-size=16777216"
    "memorysetup-thread-allocator-block-size=16777216"
    "memorysetup-gfx-main-allocator-block-size=16777216"
    "memorysetup-gfx-thread-allocator-block-size=16777216"
    "memorysetup-cache-allocator-block-size=4194304"
    "memorysetup-typetree-allocator-block-size=2097152"
    "memorysetup-profiler-bucket-allocator-granularity=16"
    "memorysetup-profiler-bucket-allocator-bucket-count=8"
    "memorysetup-profiler-bucket-allocator-block-size=33554432"
    "memorysetup-profiler-bucket-allocator-block-count=8"
    "memorysetup-profiler-allocator-block-size=16777216"
    "memorysetup-profiler-editor-allocator-block-size=1048576"
    "memorysetup-temp-allocator-size-main=16777216"
    "memorysetup-job-temp-allocator-block-size=2097152"
    "memorysetup-job-temp-allocator-block-size-background=1048576"
    "memorysetup-job-temp-allocator-reduction-small-platforms=262144"
    "memorysetup-allocator-temp-initial-block-size-main=262144"
    "memorysetup-allocator-temp-initial-block-size-worker=262144"
    "memorysetup-temp-allocator-size-background-worker=32768"
    "memorysetup-temp-allocator-size-job-worker=262144"
    "memorysetup-temp-allocator-size-preload-manager=33554432"
    "memorysetup-temp-allocator-size-nav-mesh-worker=65536"
    "memorysetup-temp-allocator-size-audio-worker=65536"
    "memorysetup-temp-allocator-size-cloud-worker=32768"
    "memorysetup-temp-allocator-size-gi-baking-worker=262144"
    "memorysetup-temp-allocator-size-gfx=262144"
Player connection [61548] Host "[IP] 10.102.52.234 [Port] 0 [Flags] 2 [Guid] 1464445424 [EditorId] 1464445424 [Version] 1048832 [Id] WindowsEditor(7,RandyFreyr) [Debug] 1 [PackageName] WindowsEditor [ProjectName] Editor" joined multi-casting on [225.0.0.222:54997]...

Player connection [61548] Host "[IP] 10.102.52.234 [Port] 0 [Flags] 2 [Guid] 1464445424 [EditorId] 1464445424 [Version] 1048832 [Id] WindowsEditor(7,RandyFreyr) [Debug] 1 [PackageName] WindowsEditor [ProjectName] Editor" joined alternative multi-casting on [225.0.0.222:34997]...

[PhysX] Initialized MultithreadedTaskDispatcher with 20 workers.
Refreshing native plugins compatible for Editor in 57.65 ms, found 4 plugins.
Preloading 0 native plugins for Editor in 0.00 ms.
Initialize engine version: 2022.3.34f1c1 (1e17368ca73f)
[Subsystems] Discovering subsystems at path C:/Program Files/Unity/Hub/Editor/2022.3.34f1c1/Editor/Data/Resources/UnitySubsystems
[Subsystems] Discovering subsystems at path D:/GameDev/ChanceRealm_Test/Assets
GfxDevice: creating device client; threaded=0; jobified=0
Direct3D:
    Version:  Direct3D 11.0 [level 11.1]
    Renderer: NVIDIA GeForce RTX 3050 Laptop GPU (ID=0x25a2)
    Vendor:   NVIDIA
    VRAM:     3964 MB
    Driver:   32.0.15.6607
Initialize mono
Mono path[0] = 'C:/Program Files/Unity/Hub/Editor/2022.3.34f1c1/Editor/Data/Managed'
Mono path[1] = 'C:/Program Files/Unity/Hub/Editor/2022.3.34f1c1/Editor/Data/MonoBleedingEdge/lib/mono/unityjit-win32'
Mono config path = 'C:/Program Files/Unity/Hub/Editor/2022.3.34f1c1/Editor/Data/MonoBleedingEdge/etc'
Using monoOptions --debugger-agent=transport=dt_socket,embedding=1,server=y,suspend=n,address=127.0.0.1:56380
Begin MonoManager ReloadAssembly
Registering precompiled unity dll's ...
Register platform support module: C:/Program Files/Unity/Hub/Editor/2022.3.34f1c1/Editor/Data/PlaybackEngines/WebGLSupport/UnityEditor.WebGL.Extensions.dll
Register platform support module: C:/Program Files/Unity/Hub/Editor/2022.3.34f1c1/Editor/Data/PlaybackEngines/WindowsStandaloneSupport/UnityEditor.WindowsStandalone.Extensions.dll
Registered in 0.052070 seconds.
- Loaded All Assemblies, in  0.578 seconds
Native extension for WindowsStandalone target not found
Native extension for WebGL target not found
Mono: successfully reloaded assembly
- Finished resetting the current domain, in  0.226 seconds
Domain Reload Profiling: 769ms
	BeginReloadAssembly (196ms)
		ExecutionOrderSort (0ms)
		DisableScriptedObjects (0ms)
		BackupInstance (0ms)
		ReleaseScriptingObjects (0ms)
		CreateAndSetChildDomain (1ms)
	RebuildCommonClasses (29ms)
	RebuildNativeTypeToScriptingClass (7ms)
	initialDomainReloadingComplete (174ms)
	LoadAllAssembliesAndSetupDomain (136ms)
		LoadAssemblies (170ms)
		RebuildTransferFunctionScriptingTraits (0ms)
		AnalyzeDomain (132ms)
			TypeCache.Refresh (131ms)
				TypeCache.ScanAssembly (118ms)
			ScanForSourceGeneratedMonoScriptInfo (0ms)
			ResolveRequiredComponents (0ms)
	FinalizeReload (226ms)
		ReleaseScriptCaches (0ms)
		RebuildScriptCaches (0ms)
		SetupLoadedEditorAssemblies (181ms)
			LogAssemblyErrors (0ms)
			InitializePlatformSupportModulesInManaged (21ms)
			SetLoadedEditorAssemblies (4ms)
			RefreshPlugins (0ms)
			BeforeProcessingInitializeOnLoad (2ms)
			ProcessInitializeOnLoadAttributes (110ms)
			ProcessInitializeOnLoadMethodAttributes (43ms)
			AfterProcessingInitializeOnLoad (0ms)
			EditorAssembliesLoaded (0ms)
		ExecutionOrderSort2 (0ms)
		AwakeInstancesAfterBackupRestoration (0ms)
========================================================================
Worker process is ready to serve import requests
Begin MonoManager ReloadAssembly
- Loaded All Assemblies, in  1.145 seconds
Refreshing native plugins compatible for Editor in 34.17 ms, found 4 plugins.
Native extension for WindowsStandalone target not found
Native extension for WebGL target not found
System.Exception: Error! Visual Scripting: couldn't find visual scripting package
  at Unity.VisualScripting.PackageVersionUtility.get_version () [0x00043] in .\Library\PackageCache\com.unity.visualscripting@1.9.4\Editor\VisualScripting.Core\Utilities\PackageVersionUtility.cs:31 
  at Unity.VisualScripting.BoltCoreManifest.get_version () [0x00000] in .\Library\PackageCache\com.unity.visualscripting@1.9.4\Editor\VisualScripting.Core\Plugin\BoltCoreManifest.cs:11 
  at Unity.VisualScripting.PluginManifest.get_currentVersion () [0x00000] in .\Library\PackageCache\com.unity.visualscripting@1.9.4\Editor\VisualScripting.Core\Plugins\PluginManifest.cs:33 
  at Unity.VisualScripting.PluginManifest.get_versionMismatch () [0x00000] in .\Library\PackageCache\com.unity.visualscripting@1.9.4\Editor\VisualScripting.Core\Plugins\PluginManifest.cs:48 
  at Unity.VisualScripting.PluginContainer.Initialize () [0x00525] in .\Library\PackageCache\com.unity.visualscripting@1.9.4\Editor\VisualScripting.Core\Plugins\PluginContainer.cs:208 
  at Unity.VisualScripting.PluginContainer.InitializeOnLoad () [0x00009] in .\Library\PackageCache\com.unity.visualscripting@1.9.4\Editor\VisualScripting.Core\Plugins\PluginContainer.cs:32 
  at Unity.VisualScripting.VSUsageUtility.DoInitializeOnLoadCalls () [0x00034] in .\Library\PackageCache\com.unity.visualscripting@1.9.4\Editor\VisualScripting.Core\Utilities\VSUsageUtility.cs:76 
  at Unity.VisualScripting.VSUsageUtility.set_isVisualScriptingUsed (System.Boolean value) [0x0002c] in .\Library\PackageCache\com.unity.visualscripting@1.9.4\Editor\VisualScripting.Core\Utilities\VSUsageUtility.cs:114 
  at Unity.VisualScripting.VSUsageUtility.CheckAndSetIsVisualScriptingUsed () [0x00032] in .\Library\PackageCache\com.unity.visualscripting@1.9.4\Editor\VisualScripting.Core\Utilities\VSUsageUtility.cs:48 
  at Unity.VisualScripting.VSUsageUtility..cctor () [0x00000] in .\Library\PackageCache\com.unity.visualscripting@1.9.4\Editor\VisualScripting.Core\Utilities\VSUsageUtility.cs:22 
UnityEngine.StackTraceUtility:ExtractStackTrace ()
UnityEngine.DebugLogHandler:LogFormat (UnityEngine.LogType,UnityEngine.Object,string,object[])
UnityEngine.Logger:Log (UnityEngine.LogType,object)
UnityEngine.Debug:LogError (object)
UnityEditor.EditorAssemblies:ProcessInitializeOnLoadAttributes (System.Type[])

Mono: successfully reloaded assembly
- Finished resetting the current domain, in  1.229 seconds
Domain Reload Profiling: 2326ms
	BeginReloadAssembly (236ms)
		ExecutionOrderSort (0ms)
		DisableScriptedObjects (5ms)
		BackupInstance (0ms)
		ReleaseScriptingObjects (0ms)
		CreateAndSetChildDomain (17ms)
	RebuildCommonClasses (30ms)
	RebuildNativeTypeToScriptingClass (6ms)
	initialDomainReloadingComplete (114ms)
	LoadAllAssembliesAndSetupDomain (710ms)
		LoadAssemblies (679ms)
		RebuildTransferFunctionScriptingTraits (0ms)
		AnalyzeDomain (189ms)
			TypeCache.Refresh (158ms)
				TypeCache.ScanAssembly (140ms)
			ScanForSourceGeneratedMonoScriptInfo (23ms)
			ResolveRequiredComponents (6ms)
	FinalizeReload (1230ms)
		ReleaseScriptCaches (0ms)
		RebuildScriptCaches (0ms)
		SetupLoadedEditorAssemblies (1052ms)
			LogAssemblyErrors (0ms)
			InitializePlatformSupportModulesInManaged (22ms)
			SetLoadedEditorAssemblies (4ms)
			RefreshPlugins (0ms)
			BeforeProcessingInitializeOnLoad (146ms)
			ProcessInitializeOnLoadAttributes (737ms)
			ProcessInitializeOnLoadMethodAttributes (67ms)
			AfterProcessingInitializeOnLoad (76ms)
			EditorAssembliesLoaded (0ms)
		ExecutionOrderSort2 (0ms)
		AwakeInstancesAfterBackupRestoration (13ms)
Launched and connected shader compiler UnityShaderCompiler.exe after 0.12 seconds
Refreshing native plugins compatible for Editor in 27.99 ms, found 4 plugins.
Preloading 0 native plugins for Editor in 0.00 ms.
Unloading 6281 Unused Serialized files (Serialized files now loaded: 0)
Unloading 83 unused Assets / (1.1 MB). Loaded Objects now: 6741.
Memory consumption went from 209.0 MB to 207.9 MB.
Total: 11.323100 ms (FindLiveObjects: 0.342100 ms CreateObjectMapping: 0.219900 ms MarkObjects: 10.504100 ms  DeleteObjects: 0.255800 ms)

AssetImportParameters requested are different than current active one (requested -> active):
  custom:container-demuxer-ogg: 62fdf1f143b41e24485cea50d1cbac27 -> 
  custom:framework-win-MediaFoundation: 216162199b28c13a410421893ffa2e32 -> 
  custom:container-muxer-webm: aa71ff27fc2769a1b78a27578f13a17b -> 
  custom:video-decoder-webm-vp8: 9c59270c3fd7afecdb556c50c9e8de78 -> 
  custom:SearchIndexIgnoredProperties: e643bd26f0fe6173181afceb89e7c659 -> 
  custom:AudioImporter_EditorPlatform: d09bf68614088b80899f8185d706f6e7 -> 
  custom:audio-decoder-ogg-vorbis: bf7c407c2cedff20999df2af8eb42d56 -> 
  custom:audio-encoder-webm-vorbis: bf7c407c2cedff20999df2af8eb42d56 -> 
  custom:video-codec-MediaFoundation-h265: 746d11721c4dcdbdad8f713fa42b33f4 -> 
  custom:video-decoder-ogg-theora: a1e56fd34408186e4bbccfd4996cb3dc -> 
  custom:CustomObjectIndexerAttribute: 9a22284fe3817be447336de3de66b15e -> 
  custom:container-demuxer-webm: 4f35f7cbe854078d1ac9338744f61a02 -> 
  custom:video-encoder-webm-vp8: eb34c28f22e8b96e1ab97ce403110664 -> 
========================================================================
Received Import Request.
  Time since last request: 225829.520087 seconds.
  path: Assets/Heat - Complete Modern UI/Scenes
  artifactKey: Guid(49630189d589b17449dd488f245c5ff6) Importer(815301076,1909f56bfc062723c751e8b465ee728b)
Start importing Assets/Heat - Complete Modern UI/Scenes using Guid(49630189d589b17449dd488f245c5ff6) Importer(815301076,1909f56bfc062723c751e8b465ee728b) [PhysX] Initialized MultithreadedTaskDispatcher with 20 workers.
 -> (artifact id: '0140a796783fca8e3c378658a4f3e973') in 0.002357 seconds
Number of updated asset objects reloaded before import = 0
Number of asset objects unloaded after import = 0
========================================================================
Received Import Request.
  Time since last request: 0.000027 seconds.
  path: Assets/Heat - Complete Modern UI/Scenes/In-Game (Cross Platform).unity
  artifactKey: Guid(68901b9fdca7bc34a8b86bb3d7503dbc) Importer(815301076,1909f56bfc062723c751e8b465ee728b)
Start importing Assets/Heat - Complete Modern UI/Scenes/In-Game (Cross Platform).unity using Guid(68901b9fdca7bc34a8b86bb3d7503dbc) Importer(815301076,1909f56bfc062723c751e8b465ee728b) [PhysX] Initialized MultithreadedTaskDispatcher with 20 workers.
 -> (artifact id: 'd4b1957846bb92d7ca7d943c062b58ab') in 0.001118 seconds
Number of updated asset objects reloaded before import = 0
Number of asset objects unloaded after import = 0
========================================================================
Received Import Request.
  Time since last request: 13.805165 seconds.
  path: Assets/Heat - Complete Modern UI/Resources/Heat UI Manager.asset
  artifactKey: Guid(98972d851a944df4a9402eac62a896e7) Importer(815301076,1909f56bfc062723c751e8b465ee728b)
Start importing Assets/Heat - Complete Modern UI/Resources/Heat UI Manager.asset using Guid(98972d851a944df4a9402eac62a896e7) Importer(815301076,1909f56bfc062723c751e8b465ee728b) [PhysX] Initialized MultithreadedTaskDispatcher with 20 workers.
 -> (artifact id: 'd23cd686a302e6fc6b77850e99573087') in 0.093798 seconds
Number of updated asset objects reloaded before import = 0
Number of asset objects unloaded after import = 53
========================================================================
Received Import Request.
  Time since last request: 2.036912 seconds.
  path: Assets/Heat - Complete Modern UI/Resources
  artifactKey: Guid(bc9541fe8f751a54db3cb096031973ab) Importer(815301076,1909f56bfc062723c751e8b465ee728b)
Start importing Assets/Heat - Complete Modern UI/Resources using Guid(bc9541fe8f751a54db3cb096031973ab) Importer(815301076,1909f56bfc062723c751e8b465ee728b) [PhysX] Initialized MultithreadedTaskDispatcher with 20 workers.
 -> (artifact id: '6fb9cfdd7a66f9b114db2505e2eab69e') in 0.001128 seconds
Number of updated asset objects reloaded before import = 0
Number of asset objects unloaded after import = 0
========================================================================
Received Import Request.
  Time since last request: 29.725797 seconds.
  path: Assets/Heat - Complete Modern UI/Scenes/In-Game (Desktop).unity
  artifactKey: Guid(7e09ff331c984e84f9e3bbcdb05bea5d) Importer(815301076,1909f56bfc062723c751e8b465ee728b)
Start importing Assets/Heat - Complete Modern UI/Scenes/In-Game (Desktop).unity using Guid(7e09ff331c984e84f9e3bbcdb05bea5d) Importer(815301076,1909f56bfc062723c751e8b465ee728b) [PhysX] Initialized MultithreadedTaskDispatcher with 20 workers.
 -> (artifact id: 'a18c0a9e1ca567dea2de5e735e2d3976') in 0.001423 seconds
Number of updated asset objects reloaded before import = 0
Number of asset objects unloaded after import = 0
========================================================================
Received Import Request.
  Time since last request: 0.451620 seconds.
  path: Assets/Heat - Complete Modern UI/Scenes/Main Menu (Cross Platform).unity
  artifactKey: Guid(5e02b31b040bbf5428960bf3ff9c63d0) Importer(815301076,1909f56bfc062723c751e8b465ee728b)
Start importing Assets/Heat - Complete Modern UI/Scenes/Main Menu (Cross Platform).unity using Guid(5e02b31b040bbf5428960bf3ff9c63d0) Importer(815301076,1909f56bfc062723c751e8b465ee728b) [PhysX] Initialized MultithreadedTaskDispatcher with 20 workers.
 -> (artifact id: '8e2d927797afec0d5e64e19bdee9d891') in 0.001055 seconds
Number of updated asset objects reloaded before import = 0
Number of asset objects unloaded after import = 0
========================================================================
Received Import Request.
  Time since last request: 1.527394 seconds.
  path: Assets/Heat - Complete Modern UI/Presets
  artifactKey: Guid(ec8abb6041facc54694b264208a5da1a) Importer(815301076,1909f56bfc062723c751e8b465ee728b)
Start importing Assets/Heat - Complete Modern UI/Presets using Guid(ec8abb6041facc54694b264208a5da1a) Importer(815301076,1909f56bfc062723c751e8b465ee728b) [PhysX] Initialized MultithreadedTaskDispatcher with 20 workers.
 -> (artifact id: 'b07c6d69cc6c0497ae6606994026e2ae') in 0.000942 seconds
Number of updated asset objects reloaded before import = 0
Number of asset objects unloaded after import = 0
========================================================================
Received Import Request.
  Time since last request: 47.319989 seconds.
  path: Assets/Heat - Complete Modern UI/Textures/Shadows/Gradient/Vertical Gradient Shadow (Normal).png
  artifactKey: Guid(48079cea8b0b1cf40adddee90c4580ad) Importer(815301076,1909f56bfc062723c751e8b465ee728b)
Start importing Assets/Heat - Complete Modern UI/Textures/Shadows/Gradient/Vertical Gradient Shadow (Normal).png using Guid(48079cea8b0b1cf40adddee90c4580ad) Importer(815301076,1909f56bfc062723c751e8b465ee728b) [PhysX] Initialized MultithreadedTaskDispatcher with 20 workers.
[PhysX] Initialized MultithreadedTaskDispatcher with 20 workers.
 -> (artifact id: '2c5aacaef07905aaf638c5f07be87af5') in 0.087782 seconds
Number of updated asset objects reloaded before import = 0
Number of asset objects unloaded after import = 3
========================================================================
Received Import Request.
  Time since last request: 10.687452 seconds.
  path: Assets/Heat - Complete Modern UI/Textures/Shadows/Gradient/Horizontal Gradient Shadow (High).png
  artifactKey: Guid(65857d5c9c12f99489b7e55c02f12cec) Importer(815301076,1909f56bfc062723c751e8b465ee728b)
Start importing Assets/Heat - Complete Modern UI/Textures/Shadows/Gradient/Horizontal Gradient Shadow (High).png using Guid(65857d5c9c12f99489b7e55c02f12cec) Importer(815301076,1909f56bfc062723c751e8b465ee728b) [PhysX] Initialized MultithreadedTaskDispatcher with 20 workers.
[PhysX] Initialized MultithreadedTaskDispatcher with 20 workers.
 -> (artifact id: 'a3ded01a78279101bc20c55e2cf8d725') in 0.020839 seconds
Number of updated asset objects reloaded before import = 0
Number of asset objects unloaded after import = 3
========================================================================
Received Import Request.
  Time since last request: 5.513534 seconds.
  path: Assets/Heat - Complete Modern UI/Textures/Shadows/Gradient/Horizontal Gradient Shadow (Normal).png
  artifactKey: Guid(159db1643d21d134ca2af277148075aa) Importer(815301076,1909f56bfc062723c751e8b465ee728b)
Start importing Assets/Heat - Complete Modern UI/Textures/Shadows/Gradient/Horizontal Gradient Shadow (Normal).png using Guid(159db1643d21d134ca2af277148075aa) Importer(815301076,1909f56bfc062723c751e8b465ee728b) [PhysX] Initialized MultithreadedTaskDispatcher with 20 workers.
[PhysX] Initialized MultithreadedTaskDispatcher with 20 workers.
 -> (artifact id: 'f9c830ebf93361a013b5400a2a5459fa') in 0.038624 seconds
Number of updated asset objects reloaded before import = 0
Number of asset objects unloaded after import = 3
========================================================================
Received Import Request.
  Time since last request: 13.322369 seconds.
  path: Assets/Heat - Complete Modern UI/Textures/Shadows/Gradient/Vertical Gradient Shadow (High).png
  artifactKey: Guid(6003c8007d5b98b4bbaa59160462c581) Importer(815301076,1909f56bfc062723c751e8b465ee728b)
Start importing Assets/Heat - Complete Modern UI/Textures/Shadows/Gradient/Vertical Gradient Shadow (High).png using Guid(6003c8007d5b98b4bbaa59160462c581) Importer(815301076,1909f56bfc062723c751e8b465ee728b) [PhysX] Initialized MultithreadedTaskDispatcher with 20 workers.
[PhysX] Initialized MultithreadedTaskDispatcher with 20 workers.
 -> (artifact id: '1331c3fc3c793b0319e3ba6ef1b83d53') in 0.013313 seconds
Number of updated asset objects reloaded before import = 0
Number of asset objects unloaded after import = 3
========================================================================
Received Import Request.
  Time since last request: 16.253597 seconds.
  path: Assets/Heat - Complete Modern UI/Editor/Scripts/InitHeatUI.cs
  artifactKey: Guid(8d1ad8d6b0d6b904cb6cf7d45f979045) Importer(815301076,1909f56bfc062723c751e8b465ee728b)
Start importing Assets/Heat - Complete Modern UI/Editor/Scripts/InitHeatUI.cs using Guid(8d1ad8d6b0d6b904cb6cf7d45f979045) Importer(815301076,1909f56bfc062723c751e8b465ee728b) [PhysX] Initialized MultithreadedTaskDispatcher with 20 workers.
 -> (artifact id: 'd135b59508b37ed7958db3b7e447f7ad') in 0.001221 seconds
Number of updated asset objects reloaded before import = 0
Number of asset objects unloaded after import = 0
========================================================================
Received Import Request.
  Time since last request: 125.243933 seconds.
  path: Assets/Heat - Complete Modern UI/Editor/Scripts/ToolsMenu.cs
  artifactKey: Guid(09a4e8de37da32441b3801798c2adec7) Importer(815301076,1909f56bfc062723c751e8b465ee728b)
Start importing Assets/Heat - Complete Modern UI/Editor/Scripts/ToolsMenu.cs using Guid(09a4e8de37da32441b3801798c2adec7) Importer(815301076,1909f56bfc062723c751e8b465ee728b) [PhysX] Initialized MultithreadedTaskDispatcher with 20 workers.
 -> (artifact id: '6eef6a16632d90c286230848ada7e887') in 0.001504 seconds
Number of updated asset objects reloaded before import = 0
Number of asset objects unloaded after import = 0
========================================================================
Received Import Request.
  Time since last request: 495.161504 seconds.
  path: Assets/Heat - Complete Modern UI
  artifactKey: Guid(3b39126c90cee6b4fabcabf86217261e) Importer(815301076,1909f56bfc062723c751e8b465ee728b)
Start importing Assets/Heat - Complete Modern UI using Guid(3b39126c90cee6b4fabcabf86217261e) Importer(815301076,1909f56bfc062723c751e8b465ee728b) [PhysX] Initialized MultithreadedTaskDispatcher with 20 workers.
 -> (artifact id: 'bbfe59e722326e026552a8694c1cf6d5') in 0.001403 seconds
Number of updated asset objects reloaded before import = 0
Number of asset objects unloaded after import = 0
========================================================================
Received Import Request.
  Time since last request: 1.503748 seconds.
  path: Assets/Heat - Complete Modern UI/Read Me.txt
  artifactKey: Guid(75c164a4d93e8e44bb437a882be86bf3) Importer(815301076,1909f56bfc062723c751e8b465ee728b)
Start importing Assets/Heat - Complete Modern UI/Read Me.txt using Guid(75c164a4d93e8e44bb437a882be86bf3) Importer(815301076,1909f56bfc062723c751e8b465ee728b) [PhysX] Initialized MultithreadedTaskDispatcher with 20 workers.
 -> (artifact id: '814396a8faac962657b68642ad224a61') in 0.003383 seconds
Number of updated asset objects reloaded before import = 0
Number of asset objects unloaded after import = 1
========================================================================
Received Import Request.
  Time since last request: 25.669744 seconds.
  path: Assets/Heat - Complete Modern UI/Prefabs/HUD/Health Bar.prefab
  artifactKey: Guid(f22ca2fec02a5de43931538fb8a25698) Importer(815301076,1909f56bfc062723c751e8b465ee728b)
Start importing Assets/Heat - Complete Modern UI/Prefabs/HUD/Health Bar.prefab using Guid(f22ca2fec02a5de43931538fb8a25698) Importer(815301076,1909f56bfc062723c751e8b465ee728b) [PhysX] Initialized MultithreadedTaskDispatcher with 20 workers.
 -> (artifact id: '9c1ad74d92cdb98b99978e0e231ce53f') in 0.137647 seconds
Number of updated asset objects reloaded before import = 0
Number of asset objects unloaded after import = 101
========================================================================
Received Import Request.
  Time since last request: 6.345230 seconds.
  path: Assets/Heat - Complete Modern UI/Textures/Icons/HUD/Shield (64x).png
  artifactKey: Guid(cb65f9b175056d74abe83d100aa7e866) Importer(815301076,1909f56bfc062723c751e8b465ee728b)
Start importing Assets/Heat - Complete Modern UI/Textures/Icons/HUD/Shield (64x).png using Guid(cb65f9b175056d74abe83d100aa7e866) Importer(815301076,1909f56bfc062723c751e8b465ee728b) [PhysX] Initialized MultithreadedTaskDispatcher with 20 workers.
[PhysX] Initialized MultithreadedTaskDispatcher with 20 workers.
 -> (artifact id: '9d9daf543a7688ac635ec01447016114') in 0.014192 seconds
Number of updated asset objects reloaded before import = 0
Number of asset objects unloaded after import = 3
========================================================================
Received Import Request.
  Time since last request: 11103.213317 seconds.
  path: Assets/Script
  artifactKey: Guid(e1c26decd85e4234f898821532f554e6) Importer(815301076,1909f56bfc062723c751e8b465ee728b)
Start importing Assets/Script using Guid(e1c26decd85e4234f898821532f554e6) Importer(815301076,1909f56bfc062723c751e8b465ee728b) [PhysX] Initialized MultithreadedTaskDispatcher with 20 workers.
 -> (artifact id: '17ee8acd23e1be7f419f96fc4c38b220') in 0.047218 seconds
Number of updated asset objects reloaded before import = 0
Number of asset objects unloaded after import = 0
========================================================================
Received Import Request.
  Time since last request: 13.950599 seconds.
  path: Assets/Scenes
  artifactKey: Guid(c0f900a7635867a4ea560a1d8a8ef465) Importer(815301076,1909f56bfc062723c751e8b465ee728b)
Start importing Assets/Scenes using Guid(c0f900a7635867a4ea560a1d8a8ef465) Importer(815301076,1909f56bfc062723c751e8b465ee728b) [PhysX] Initialized MultithreadedTaskDispatcher with 20 workers.
 -> (artifact id: 'b3c7a55e1410d4552cc30636077ab1e6') in 0.004702 seconds
Number of updated asset objects reloaded before import = 0
Number of asset objects unloaded after import = 0
========================================================================
Received Import Request.
  Time since last request: 0.779338 seconds.
  path: Assets/TextMesh Pro
  artifactKey: Guid(f54d1bd14bd3ca042bd867b519fee8cc) Importer(815301076,1909f56bfc062723c751e8b465ee728b)
Start importing Assets/TextMesh Pro using Guid(f54d1bd14bd3ca042bd867b519fee8cc) Importer(815301076,1909f56bfc062723c751e8b465ee728b) [PhysX] Initialized MultithreadedTaskDispatcher with 20 workers.
 -> (artifact id: 'dd6ad478d9966b0e483c01b5bd727387') in 0.003216 seconds
Number of updated asset objects reloaded before import = 0
Number of asset objects unloaded after import = 0
========================================================================
Received Import Request.
  Time since last request: 0.494418 seconds.
  path: Assets/Unity.VisualScripting.Generated
  artifactKey: Guid(2f03c3b1eb9e2414eb3f706cfe50ebcc) Importer(815301076,1909f56bfc062723c751e8b465ee728b)
Start importing Assets/Unity.VisualScripting.Generated using Guid(2f03c3b1eb9e2414eb3f706cfe50ebcc) Importer(815301076,1909f56bfc062723c751e8b465ee728b) [PhysX] Initialized MultithreadedTaskDispatcher with 20 workers.
 -> (artifact id: '0dba2122950ccbc3d204dca511512314') in 0.002556 seconds
Number of updated asset objects reloaded before import = 0
Number of asset objects unloaded after import = 0
========================================================================
Received Import Request.
  Time since last request: 0.582306 seconds.
  path: Assets/ChanceRealm_TrainingRoom
  artifactKey: Guid(c82396bc8c7188e47940f44640d68778) Importer(815301076,1909f56bfc062723c751e8b465ee728b)
Start importing Assets/ChanceRealm_TrainingRoom using Guid(c82396bc8c7188e47940f44640d68778) Importer(815301076,1909f56bfc062723c751e8b465ee728b) [PhysX] Initialized MultithreadedTaskDispatcher with 20 workers.
 -> (artifact id: 'cc122dd3a7c382a619577bf9522e5208') in 0.002336 seconds
Number of updated asset objects reloaded before import = 0
Number of asset objects unloaded after import = 0
========================================================================
Received Import Request.
  Time since last request: 0.815827 seconds.
  path: Assets/ChanceRealm_StoreRoom
  artifactKey: Guid(bebe3da49748d7743961fa64d929a68b) Importer(815301076,1909f56bfc062723c751e8b465ee728b)
Start importing Assets/ChanceRealm_StoreRoom using Guid(bebe3da49748d7743961fa64d929a68b) Importer(815301076,1909f56bfc062723c751e8b465ee728b) [PhysX] Initialized MultithreadedTaskDispatcher with 20 workers.
 -> (artifact id: '6a6386be150505b0629841a676019171') in 0.001734 seconds
Number of updated asset objects reloaded before import = 0
Number of asset objects unloaded after import = 0
========================================================================
Received Import Request.
  Time since last request: 0.913039 seconds.
  path: Assets/ChanceRealm_Room
  artifactKey: Guid(2f0d4d64ff4d2d64eb831543ee5a62c4) Importer(815301076,1909f56bfc062723c751e8b465ee728b)
Start importing Assets/ChanceRealm_Room using Guid(2f0d4d64ff4d2d64eb831543ee5a62c4) Importer(815301076,1909f56bfc062723c751e8b465ee728b) [PhysX] Initialized MultithreadedTaskDispatcher with 20 workers.
 -> (artifact id: '95547b1b1cbffc4a325317a6549a93d4') in 0.001992 seconds
Number of updated asset objects reloaded before import = 0
Number of asset objects unloaded after import = 0
========================================================================
Received Import Request.
  Time since last request: 27.709862 seconds.
  path: Assets/python_Asset_ChanceRealm (1) (2)
  artifactKey: Guid(73807cf5893c185499c3e187f7abc62b) Importer(815301076,1909f56bfc062723c751e8b465ee728b)
Start importing Assets/python_Asset_ChanceRealm (1) (2) using Guid(73807cf5893c185499c3e187f7abc62b) Importer(815301076,1909f56bfc062723c751e8b465ee728b) [PhysX] Initialized MultithreadedTaskDispatcher with 20 workers.
 -> (artifact id: 'f77a69ca2954f8d64f17786ce30fdb6d') in 0.001709 seconds
Number of updated asset objects reloaded before import = 0
Number of asset objects unloaded after import = 0
========================================================================
Received Import Request.
  Time since last request: 3.276066 seconds.
  path: Assets/python_Asset_ChanceRealm (1) (2)/_rels
  artifactKey: Guid(89bf39f0642e8394d951bcc813e7f98c) Importer(815301076,1909f56bfc062723c751e8b465ee728b)
Start importing Assets/python_Asset_ChanceRealm (1) (2)/_rels using Guid(89bf39f0642e8394d951bcc813e7f98c) Importer(815301076,1909f56bfc062723c751e8b465ee728b) [PhysX] Initialized MultithreadedTaskDispatcher with 20 workers.
 -> (artifact id: 'be6400800d4c2dc4c36e40f5588aa4bf') in 0.001481 seconds
Number of updated asset objects reloaded before import = 0
Number of asset objects unloaded after import = 0
========================================================================
Received Import Request.
  Time since last request: 0.502395 seconds.
  path: Assets/python_Asset_ChanceRealm (1) (2)/word
  artifactKey: Guid(dbc0fb63bfa234446989b7cbfc057e3d) Importer(815301076,1909f56bfc062723c751e8b465ee728b)
Start importing Assets/python_Asset_ChanceRealm (1) (2)/word using Guid(dbc0fb63bfa234446989b7cbfc057e3d) Importer(815301076,1909f56bfc062723c751e8b465ee728b) [PhysX] Initialized MultithreadedTaskDispatcher with 20 workers.
 -> (artifact id: 'abf3cabbfd3c404abd9f8afca29a3449') in 0.001336 seconds
Number of updated asset objects reloaded before import = 0
Number of asset objects unloaded after import = 0
========================================================================
Received Import Request.
  Time since last request: 4.290726 seconds.
  path: Assets/python_Asset_ChanceRealm (1) (2)/word/media/image1.jpeg
  artifactKey: Guid(faf2d65a2d9a7aa4dae6b2432297d6ca) Importer(815301076,1909f56bfc062723c751e8b465ee728b)
Start importing Assets/python_Asset_ChanceRealm (1) (2)/word/media/image1.jpeg using Guid(faf2d65a2d9a7aa4dae6b2432297d6ca) Importer(815301076,1909f56bfc062723c751e8b465ee728b) [PhysX] Initialized MultithreadedTaskDispatcher with 20 workers.
[PhysX] Initialized MultithreadedTaskDispatcher with 20 workers.
 -> (artifact id: 'cf931a818e003f31fbf67e05d000c04c') in 0.319893 seconds
Number of updated asset objects reloaded before import = 0
Number of asset objects unloaded after import = 3
========================================================================
Received Import Request.
  Time since last request: 24.729704 seconds.
  path: Assets/python_Asset_ChanceRealm (1) (2)/word/media
  artifactKey: Guid(0d46618652297c146b977a37cecf32b9) Importer(815301076,1909f56bfc062723c751e8b465ee728b)
Start importing Assets/python_Asset_ChanceRealm (1) (2)/word/media using Guid(0d46618652297c146b977a37cecf32b9) Importer(815301076,1909f56bfc062723c751e8b465ee728b) [PhysX] Initialized MultithreadedTaskDispatcher with 20 workers.
 -> (artifact id: '2be02b7505463eeae9f3e12924b65b35') in 0.001472 seconds
Number of updated asset objects reloaded before import = 0
Number of asset objects unloaded after import = 0
========================================================================
Received Import Request.
  Time since last request: 10.483943 seconds.
  path: Assets/Heat - Complete Modern UI/Fonts
  artifactKey: Guid(c18327dacaafcef4fbc5b35c88ebcc39) Importer(815301076,1909f56bfc062723c751e8b465ee728b)
Start importing Assets/Heat - Complete Modern UI/Fonts using Guid(c18327dacaafcef4fbc5b35c88ebcc39) Importer(815301076,1909f56bfc062723c751e8b465ee728b) [PhysX] Initialized MultithreadedTaskDispatcher with 20 workers.
 -> (artifact id: '17570da5b8d0d9935f1f3ecce7ccfe77') in 0.001807 seconds
Number of updated asset objects reloaded before import = 0
Number of asset objects unloaded after import = 0
========================================================================
Received Import Request.
  Time since last request: 0.323476 seconds.
  path: Assets/Heat - Complete Modern UI/Audio
  artifactKey: Guid(e3e034623a5cfc44d9a1d1c576a8c931) Importer(815301076,1909f56bfc062723c751e8b465ee728b)
Start importing Assets/Heat - Complete Modern UI/Audio using Guid(e3e034623a5cfc44d9a1d1c576a8c931) Importer(815301076,1909f56bfc062723c751e8b465ee728b) [PhysX] Initialized MultithreadedTaskDispatcher with 20 workers.
 -> (artifact id: '34098fefa03de43eecc47653bab4d9fc') in 0.000930 seconds
Number of updated asset objects reloaded before import = 0
Number of asset objects unloaded after import = 0
========================================================================
Received Import Request.
  Time since last request: 0.647990 seconds.
  path: Assets/Heat - Complete Modern UI/Prefabs
  artifactKey: Guid(56dd56c27d8f6484fb71721d9df0dd9c) Importer(815301076,1909f56bfc062723c751e8b465ee728b)
Start importing Assets/Heat - Complete Modern UI/Prefabs using Guid(56dd56c27d8f6484fb71721d9df0dd9c) Importer(815301076,1909f56bfc062723c751e8b465ee728b) [PhysX] Initialized MultithreadedTaskDispatcher with 20 workers.
 -> (artifact id: '7d54a60f93534b17967dff8800a3bede') in 0.001642 seconds
Number of updated asset objects reloaded before import = 0
Number of asset objects unloaded after import = 0
========================================================================
Received Import Request.
  Time since last request: 8.680109 seconds.
  path: Assets/Scenes/场景第一版.unity
  artifactKey: Guid(ed93ca54852814e499a3004ae359479b) Importer(815301076,1909f56bfc062723c751e8b465ee728b)
Start importing Assets/Scenes/场景第一版.unity using Guid(ed93ca54852814e499a3004ae359479b) Importer(815301076,1909f56bfc062723c751e8b465ee728b) [PhysX] Initialized MultithreadedTaskDispatcher with 20 workers.
 -> (artifact id: 'cfd302ba3c7ba716d4bfd6ea73cd58f1') in 0.002406 seconds
Number of updated asset objects reloaded before import = 0
Number of asset objects unloaded after import = 0
========================================================================
Received Import Request.
  Time since last request: 3.842495 seconds.
  path: Assets/Scenes/网格导航.unity
  artifactKey: Guid(436e5f8d88e12c24a9c56c1a4b6d1ffc) Importer(815301076,1909f56bfc062723c751e8b465ee728b)
Start importing Assets/Scenes/网格导航.unity using Guid(436e5f8d88e12c24a9c56c1a4b6d1ffc) Importer(815301076,1909f56bfc062723c751e8b465ee728b) [PhysX] Initialized MultithreadedTaskDispatcher with 20 workers.
 -> (artifact id: '638775fb90391f570b0d8fe4fbca04a3') in 0.001467 seconds
Number of updated asset objects reloaded before import = 0
Number of asset objects unloaded after import = 0
